<?xml version="1.0" encoding="UTF-8" ?>
<testsuite tests="6" failures="3" name="MainTest" time="2.057" errors="0" skipped="0">
  <properties>
[...]
</properties>
  <testcase classname="MainTest" name="testFastMethod" time="1.007"/>
  <testcase classname="MainTest" name="testSqrt" time="0.005">
    <failure message="Exception expected because of negative number" type="junit.framework.AssertionFailedError">junit.framework.AssertionFailedError: Exception expected because of negative number
	at junit.framework.Assert.fail(Assert.java:47)
	at MainTest.testSqrt(MainTest.java:48)
</failure>
    <system-out>testing sqrt
sqrt
</system-out>
  </testcase>
  <testcase classname="MainTest" name="testMain" time="0"/>
  <testcase classname="MainTest" name="testSlowMethod" time="0.998">
    <failure message="Slow method is too slow" type="junit.framework.AssertionFailedError">junit.framework.AssertionFailedError: Slow method is too slow
	at junit.framework.Assert.fail(Assert.java:47)
	at MainTest.testSlowMethod(MainTest.java:89)
</failure>
  </testcase>
  <testcase classname="MainTest" name="testAbs2" time="0.002">
    <failure message="expected:&lt;0&gt; but was:&lt;1000&gt;" type="junit.framework.AssertionFailedError">junit.framework.AssertionFailedError: expected:&lt;0&gt; but was:&lt;1000&gt;
	at junit.framework.Assert.fail(Assert.java:47)
	at junit.framework.Assert.failNotEquals(Assert.java:280)
	at junit.framework.Assert.assertEquals(Assert.java:64)
	at junit.framework.Assert.assertEquals(Assert.java:198)
	at junit.framework.Assert.assertEquals(Assert.java:204)
	at MainTest.testAbs2(MainTest.java:40)
</failure>
  </testcase>
  <testcase classname="MainTest" name="testAbs" time="0"/>
</testsuite>